<?xml version="1.0" encoding="UTF-8"?>
<!-- Generated by org.testng.reporters.JUnitReportReporter -->
<testsuite hostname="dev-c1gf-manoj" name="com.acn.avs.unicast.web.rest.controller.unit.UnicastRestControllerUTest" tests="2" failures="0" timestamp="28 Jul 2017 09:10:56 GMT" time="0.007" errors="0">
  <testcase name="testGetTriggerWithValidateFalse" time="0.003" classname="com.acn.avs.unicast.web.rest.controller.unit.UnicastRestControllerUTest"/>
  <testcase name="testGetTrigger" time="0.004" classname="com.acn.avs.unicast.web.rest.controller.unit.UnicastRestControllerUTest"/>
</testsuite> <!-- com.acn.avs.unicast.web.rest.controller.unit.UnicastRestControllerUTest -->
