<?xml version="1.0" encoding="UTF-8"?>
<!-- Generated by org.testng.reporters.JUnitReportReporter -->
<testsuite hostname="dev-c1gf-manoj" name="com.acn.avs.unicast.util.UnicastBackGroundExecuterTest" tests="11" failures="0" timestamp="28 Jul 2017 09:10:56 GMT" time="0.054" errors="0">
  <testcase name="testServiceId" time="0.005" classname="com.acn.avs.unicast.util.UnicastBackGroundExecuterTest"/>
  <testcase name="testProcessWithTrigger" time="0.005" classname="com.acn.avs.unicast.util.UnicastBackGroundExecuterTest"/>
  <testcase name="testTriggerMessagePresisted" time="0.004" classname="com.acn.avs.unicast.util.UnicastBackGroundExecuterTest"/>
  <testcase name="testPersistMessagesAndInitiateScheduler1" time="0.003" classname="com.acn.avs.unicast.util.UnicastBackGroundExecuterTest"/>
  <testcase name="testProcessWithTrigger2" time="0.006" classname="com.acn.avs.unicast.util.UnicastBackGroundExecuterTest"/>
  <testcase name="testProcessWithTrigger3" time="0.005" classname="com.acn.avs.unicast.util.UnicastBackGroundExecuterTest"/>
  <testcase name="testRetryCount" time="0.005" classname="com.acn.avs.unicast.util.UnicastBackGroundExecuterTest"/>
  <testcase name="testProcess2" time="0.005" classname="com.acn.avs.unicast.util.UnicastBackGroundExecuterTest"/>
  <testcase name="testProcess" time="0.006" classname="com.acn.avs.unicast.util.UnicastBackGroundExecuterTest"/>
  <testcase name="testPersistMessagesAndInitiateScheduler2" time="0.006" classname="com.acn.avs.unicast.util.UnicastBackGroundExecuterTest"/>
  <testcase name="testPersistMessagesAndInitiateScheduler" time="0.004" classname="com.acn.avs.unicast.util.UnicastBackGroundExecuterTest"/>
</testsuite> <!-- com.acn.avs.unicast.util.UnicastBackGroundExecuterTest -->
