<?xml version="1.0" encoding="UTF-8"?>
<!-- Generated by org.testng.reporters.JUnitReportReporter -->
<testsuite hostname="dev-c1gf-manoj" name="com.acn.avs.unicast.message.UnicastJmsMessageListenerTest" tests="6" failures="0" timestamp="28 Jul 2017 09:10:56 GMT" time="0.083" errors="0">
  <testcase name="testOnMessageTestException" time="0.046" classname="com.acn.avs.unicast.message.UnicastJmsMessageListenerTest"/>
  <testcase name="testOnMessage" time="0.015" classname="com.acn.avs.unicast.message.UnicastJmsMessageListenerTest"/>
  <testcase name="testOnMessage5" time="0.005" classname="com.acn.avs.unicast.message.UnicastJmsMessageListenerTest"/>
  <testcase name="testOnMessage2" time="0.006" classname="com.acn.avs.unicast.message.UnicastJmsMessageListenerTest"/>
  <testcase name="testOnMessage4" time="0.006" classname="com.acn.avs.unicast.message.UnicastJmsMessageListenerTest"/>
  <testcase name="testOnMessage1" time="0.005" classname="com.acn.avs.unicast.message.UnicastJmsMessageListenerTest"/>
</testsuite> <!-- com.acn.avs.unicast.message.UnicastJmsMessageListenerTest -->
