<?xml version="1.0" encoding="UTF-8"?>
<!-- Generated by org.testng.reporters.JUnitReportReporter -->
<testsuite hostname="dev-c1gf-manoj" name="com.acn.avs.unicast.repository.impl.StbRepositoryImplTest" tests="23" failures="0" timestamp="28 Jul 2017 09:10:56 GMT" time="0.418" errors="0">
  <testcase name="testServiceIdHardwareValidate7" time="0.010" classname="com.acn.avs.unicast.repository.impl.StbRepositoryImplTest"/>
  <testcase name="testGetSetTopBoxWithSourceMacAddress4" time="0.011" classname="com.acn.avs.unicast.repository.impl.StbRepositoryImplTest"/>
  <testcase name="testGetSetTopBoxWithSourceMacAddress5" time="0.010" classname="com.acn.avs.unicast.repository.impl.StbRepositoryImplTest"/>
  <testcase name="testServiceIdHardwareValidate8" time="0.012" classname="com.acn.avs.unicast.repository.impl.StbRepositoryImplTest"/>
  <testcase name="testGetSetTopBoxesWithMacList" time="0.020" classname="com.acn.avs.unicast.repository.impl.StbRepositoryImplTest"/>
  <testcase name="testServiceIdHardwareValidate2" time="0.027" classname="com.acn.avs.unicast.repository.impl.StbRepositoryImplTest"/>
  <testcase name="testGetSetTopBoxWithSourceMacAddress3" time="0.012" classname="com.acn.avs.unicast.repository.impl.StbRepositoryImplTest"/>
  <testcase name="testGetSetTopBoxes2" time="0.144" classname="com.acn.avs.unicast.repository.impl.StbRepositoryImplTest"/>
  <testcase name="testServiceIdHardwareValidate4" time="0.010" classname="com.acn.avs.unicast.repository.impl.StbRepositoryImplTest"/>
  <testcase name="testGetSetTopBoxesWithMacList2" time="0.010" classname="com.acn.avs.unicast.repository.impl.StbRepositoryImplTest"/>
  <testcase name="testGetSetTopBoxesWithMacList3" time="0.012" classname="com.acn.avs.unicast.repository.impl.StbRepositoryImplTest"/>
  <testcase name="testGetSetTopBoxWithSourceMacAddress" time="0.011" classname="com.acn.avs.unicast.repository.impl.StbRepositoryImplTest"/>
  <testcase name="testServiceIdHardwareValidate6" time="0.010" classname="com.acn.avs.unicast.repository.impl.StbRepositoryImplTest"/>
  <testcase name="testGetSetTopBoxWithSourceMacAddress2" time="0.015" classname="com.acn.avs.unicast.repository.impl.StbRepositoryImplTest"/>
  <testcase name="testServiceIdHardwareValidate" time="0.010" classname="com.acn.avs.unicast.repository.impl.StbRepositoryImplTest"/>
  <testcase name="testGetSetTopBoxWithSourceMacAddress6" time="0.011" classname="com.acn.avs.unicast.repository.impl.StbRepositoryImplTest"/>
  <testcase name="testConnectionIdForImplicitNAT" time="0.009" classname="com.acn.avs.unicast.repository.impl.StbRepositoryImplTest"/>
  <testcase name="testGetSetTopBoxPortAndProtocol2" time="0.014" classname="com.acn.avs.unicast.repository.impl.StbRepositoryImplTest"/>
  <testcase name="testGetSetTopBoxPortAndProtocol" time="0.011" classname="com.acn.avs.unicast.repository.impl.StbRepositoryImplTest"/>
  <testcase name="testServiceIdHardwareValidate9" time="0.011" classname="com.acn.avs.unicast.repository.impl.StbRepositoryImplTest"/>
  <testcase name="testServiceIdHardwareValidate3" time="0.012" classname="com.acn.avs.unicast.repository.impl.StbRepositoryImplTest"/>
  <testcase name="testGetSetTopBoxes" time="0.016" classname="com.acn.avs.unicast.repository.impl.StbRepositoryImplTest"/>
  <testcase name="testServiceIdHardwareValidate5" time="0.010" classname="com.acn.avs.unicast.repository.impl.StbRepositoryImplTest"/>
</testsuite> <!-- com.acn.avs.unicast.repository.impl.StbRepositoryImplTest -->
