<?xml version="1.0" encoding="UTF-8"?>
<!-- Generated by org.testng.reporters.JUnitReportReporter -->
<testsuite hostname="dev-c1gf-manoj" name="com.acn.avs.unicast.util.UnicastRequestValidatorTest" tests="28" failures="0" timestamp="28 Jul 2017 09:10:56 GMT" time="0.100" errors="0">
  <testcase name="testValidate" time="0.002" classname="com.acn.avs.unicast.util.UnicastRequestValidatorTest"/>
  <testcase name="testValidate3" time="0.003" classname="com.acn.avs.unicast.util.UnicastRequestValidatorTest"/>
  <testcase name="testValidateRequest" time="0.004" classname="com.acn.avs.unicast.util.UnicastRequestValidatorTest"/>
  <testcase name="testValidate7False" time="0.002" classname="com.acn.avs.unicast.util.UnicastRequestValidatorTest"/>
  <testcase name="testTriggerTypeValidation" time="0.004" classname="com.acn.avs.unicast.util.UnicastRequestValidatorTest"/>
  <testcase name="testValidateLength2" time="0.003" classname="com.acn.avs.unicast.util.UnicastRequestValidatorTest"/>
  <testcase name="testValidate8" time="0.003" classname="com.acn.avs.unicast.util.UnicastRequestValidatorTest"/>
  <testcase name="testValidateStampAfterDate" time="0.003" classname="com.acn.avs.unicast.util.UnicastRequestValidatorTest"/>
  <testcase name="testValidate2" time="0.002" classname="com.acn.avs.unicast.util.UnicastRequestValidatorTest"/>
  <testcase name="testValidate9" time="0.003" classname="com.acn.avs.unicast.util.UnicastRequestValidatorTest"/>
  <testcase name="testTriggerInfoValidation" time="0.003" classname="com.acn.avs.unicast.util.UnicastRequestValidatorTest"/>
  <testcase name="testTimeStampNumericValidation" time="0.003" classname="com.acn.avs.unicast.util.UnicastRequestValidatorTest"/>
  <testcase name="testValidateMacAddress" time="0.010" classname="com.acn.avs.unicast.util.UnicastRequestValidatorTest"/>
  <testcase name="testValidate7" time="0.003" classname="com.acn.avs.unicast.util.UnicastRequestValidatorTest"/>
  <testcase name="testUnicastRequestValidationException" time="0.007" classname="com.acn.avs.unicast.util.UnicastRequestValidatorTest"/>
  <testcase name="testValidate12" time="0.004" classname="com.acn.avs.unicast.util.UnicastRequestValidatorTest"/>
  <testcase name="testValidate11" time="0.003" classname="com.acn.avs.unicast.util.UnicastRequestValidatorTest"/>
  <testcase name="testValidate13" time="0.005" classname="com.acn.avs.unicast.util.UnicastRequestValidatorTest"/>
  <testcase name="testValidate14" time="0.003" classname="com.acn.avs.unicast.util.UnicastRequestValidatorTest"/>
  <testcase name="testValidate15" time="0.003" classname="com.acn.avs.unicast.util.UnicastRequestValidatorTest"/>
  <testcase name="testValidateLength3" time="0.003" classname="com.acn.avs.unicast.util.UnicastRequestValidatorTest"/>
  <testcase name="testValidate4" time="0.003" classname="com.acn.avs.unicast.util.UnicastRequestValidatorTest"/>
  <testcase name="testValidate8WithFalseTrigger" time="0.003" classname="com.acn.avs.unicast.util.UnicastRequestValidatorTest"/>
  <testcase name="testValidatorNullValue" time="0.003" classname="com.acn.avs.unicast.util.UnicastRequestValidatorTest"/>
  <testcase name="testSubscriberIdNumericValidation" time="0.005" classname="com.acn.avs.unicast.util.UnicastRequestValidatorTest"/>
  <testcase name="testValidateLength" time="0.004" classname="com.acn.avs.unicast.util.UnicastRequestValidatorTest"/>
  <testcase name="testValidate10" time="0.003" classname="com.acn.avs.unicast.util.UnicastRequestValidatorTest"/>
  <testcase name="testValidate5" time="0.003" classname="com.acn.avs.unicast.util.UnicastRequestValidatorTest"/>
</testsuite> <!-- com.acn.avs.unicast.util.UnicastRequestValidatorTest -->
