<?xml version="1.0" encoding="UTF-8"?>
<!-- Generated by org.testng.reporters.JUnitReportReporter -->
<testsuite hostname="dev-c1gf-manoj" name="com.acn.avs.unicast.service.impl.TqsNotifierServiceImplTest" tests="5" failures="0" timestamp="28 Jul 2017 09:10:56 GMT" time="0.041" errors="0">
  <testcase name="testNotifyObjWithNullUrl" time="0.004" classname="com.acn.avs.unicast.service.impl.TqsNotifierServiceImplTest"/>
  <testcase name="testNotifyWithTriggerMessageWithException" time="0.015" classname="com.acn.avs.unicast.service.impl.TqsNotifierServiceImplTest"/>
  <testcase name="testNotifyObj" time="0.012" classname="com.acn.avs.unicast.service.impl.TqsNotifierServiceImplTest"/>
  <testcase name="testNotifyObjWithException" time="0.005" classname="com.acn.avs.unicast.service.impl.TqsNotifierServiceImplTest"/>
  <testcase name="testNotifyWithTriggerMessage" time="0.005" classname="com.acn.avs.unicast.service.impl.TqsNotifierServiceImplTest"/>
</testsuite> <!-- com.acn.avs.unicast.service.impl.TqsNotifierServiceImplTest -->
