<?xml version="1.0" encoding="UTF-8"?>
<!-- Generated by org.testng.reporters.JUnitReportReporter -->
<testsuite hostname="dev-c1gf-manoj" name="com.acn.avs.unicast.service.impl.StbNotifierServiceImplTest" tests="12" failures="0" timestamp="28 Jul 2017 09:10:56 GMT" time="4.108" errors="0">
  <testcase name="testNotifyTcpException" time="2.010" classname="com.acn.avs.unicast.service.impl.StbNotifierServiceImplTest"/>
  <testcase name="testNotifyTcp" time="2.013" classname="com.acn.avs.unicast.service.impl.StbNotifierServiceImplTest"/>
  <testcase name="testGetNotifications2" time="0.003" classname="com.acn.avs.unicast.service.impl.StbNotifierServiceImplTest"/>
  <testcase name="testGetNotifications4" time="0.002" classname="com.acn.avs.unicast.service.impl.StbNotifierServiceImplTest"/>
  <testcase name="testGetAssignedServiceName2" time="0.010" classname="com.acn.avs.unicast.service.impl.StbNotifierServiceImplTest"/>
  <testcase name="testNotifyHttp" time="0.019" classname="com.acn.avs.unicast.service.impl.StbNotifierServiceImplTest"/>
  <testcase name="testGetAssignedServiceName" time="0.002" classname="com.acn.avs.unicast.service.impl.StbNotifierServiceImplTest"/>
  <testcase name="testNotifyUdp" time="0.022" classname="com.acn.avs.unicast.service.impl.StbNotifierServiceImplTest"/>
  <testcase name="testInitializeInetConnection" time="0.010" classname="com.acn.avs.unicast.service.impl.StbNotifierServiceImplTest"/>
  <testcase name="testGetNotifications3" time="0.003" classname="com.acn.avs.unicast.service.impl.StbNotifierServiceImplTest"/>
  <testcase name="testGetNotifications" time="0.004" classname="com.acn.avs.unicast.service.impl.StbNotifierServiceImplTest"/>
  <testcase name="testGetSetTopBoxes" time="0.010" classname="com.acn.avs.unicast.service.impl.StbNotifierServiceImplTest"/>
</testsuite> <!-- com.acn.avs.unicast.service.impl.StbNotifierServiceImplTest -->
